<?xml version="1.0" encoding="UTF-8"?>
<testsuite xmlns:xsi="http://www.w3.org/2001/XMLSchema-instance" xsi:noNamespaceSchemaLocation="https://maven.apache.org/surefire/maven-surefire-plugin/xsd/surefire-test-report.xsd" name="lib.application.test.BookServicesTest" time="0.318" tests="9" errors="0" skipped="0" failures="0">
  <properties>
    <property name="sun.desktop" value="windows"/>
    <property name="awt.toolkit" value="sun.awt.windows.WToolkit"/>
    <property name="file.encoding.pkg" value="sun.io"/>
    <property name="java.specification.version" value="1.8"/>
    <property name="sun.cpu.isalist" value="amd64"/>
    <property name="sun.jnu.encoding" value="Cp1252"/>
    <property name="java.class.path" value="D:\mlm_dev\gitrepo\books-library-project\library-application\target\test-classes;D:\mlm_dev\gitrepo\books-library-project\library-application\target\classes;D:\mlm_dev\gitrepo\books-library-project\grpc-library-service-impl\target\grpc-library-service-impl-0.0.1-SNAPSHOT.jar;D:\mlm_dev\gitrepo\books-library-project\lib-service-impl\target\lib-service-impl-0.0.1-SNAPSHOT.jar;D:\mlm_dev\gitrepo\books-library-project\library-service-api\target\library-service-api-0.0.1-SNAPSHOT.jar;D:\mlm_dev\gitrepo\books-library-project\library-model\target\library-model-0.0.1-SNAPSHOT.jar;D:\mlm_dev\gitrepo\books-library-project\dao-repo\target\dao-repo-0.0.1-SNAPSHOT.jar;C:\Users\msn2t7\.m2\repository\org\springframework\boot\spring-boot-starter-data-jpa\2.1.15.RELEASE\spring-boot-starter-data-jpa-2.1.15.RELEASE.jar;C:\Users\msn2t7\.m2\repository\org\springframework\boot\spring-boot-starter-aop\2.1.15.RELEASE\spring-boot-starter-aop-2.1.15.RELEASE.jar;C:\Users\msn2t7\.m2\repository\org\aspectj\aspectjweaver\1.9.5\aspectjweaver-1.9.5.jar;C:\Users\msn2t7\.m2\repository\org\springframework\boot\spring-boot-starter-jdbc\2.1.15.RELEASE\spring-boot-starter-jdbc-2.1.15.RELEASE.jar;C:\Users\msn2t7\.m2\repository\com\zaxxer\HikariCP\3.2.0\HikariCP-3.2.0.jar;C:\Users\msn2t7\.m2\repository\org\springframework\spring-jdbc\5.1.16.RELEASE\spring-jdbc-5.1.16.RELEASE.jar;C:\Users\msn2t7\.m2\repository\javax\transaction\javax.transaction-api\1.3\javax.transaction-api-1.3.jar;C:\Users\msn2t7\.m2\repository\javax\xml\bind\jaxb-api\2.3.1\jaxb-api-2.3.1.jar;C:\Users\msn2t7\.m2\repository\javax\activation\javax.activation-api\1.2.0\javax.activation-api-1.2.0.jar;C:\Users\msn2t7\.m2\repository\org\hibernate\hibernate-core\5.3.17.Final\hibernate-core-5.3.17.Final.jar;C:\Users\msn2t7\.m2\repository\org\jboss\logging\jboss-logging\3.3.3.Final\jboss-logging-3.3.3.Final.jar;C:\Users\msn2t7\.m2\repository\javax\persistence\javax.persistence-api\2.2\javax.persistence-api-2.2.jar;C:\Users\msn2t7\.m2\repository\org\javassist\javassist\3.23.2-GA\javassist-3.23.2-GA.jar;C:\Users\msn2t7\.m2\repository\antlr\antlr\2.7.7\antlr-2.7.7.jar;C:\Users\msn2t7\.m2\repository\org\jboss\jandex\2.0.5.Final\jandex-2.0.5.Final.jar;C:\Users\msn2t7\.m2\repository\com\fasterxml\classmate\1.4.0\classmate-1.4.0.jar;C:\Users\msn2t7\.m2\repository\org\dom4j\dom4j\2.1.3\dom4j-2.1.3.jar;C:\Users\msn2t7\.m2\repository\org\hibernate\common\hibernate-commons-annotations\5.0.4.Final\hibernate-commons-annotations-5.0.4.Final.jar;C:\Users\msn2t7\.m2\repository\org\glassfish\jaxb\jaxb-runtime\2.3.1\jaxb-runtime-2.3.1.jar;C:\Users\msn2t7\.m2\repository\org\glassfish\jaxb\txw2\2.3.1\txw2-2.3.1.jar;C:\Users\msn2t7\.m2\repository\com\sun\istack\istack-commons-runtime\3.0.7\istack-commons-runtime-3.0.7.jar;C:\Users\msn2t7\.m2\repository\org\jvnet\staxex\stax-ex\1.8\stax-ex-1.8.jar;C:\Users\msn2t7\.m2\repository\com\sun\xml\fastinfoset\FastInfoset\1.2.15\FastInfoset-1.2.15.jar;C:\Users\msn2t7\.m2\repository\org\springframework\data\spring-data-jpa\2.1.18.RELEASE\spring-data-jpa-2.1.18.RELEASE.jar;C:\Users\msn2t7\.m2\repository\org\springframework\data\spring-data-commons\2.1.18.RELEASE\spring-data-commons-2.1.18.RELEASE.jar;C:\Users\msn2t7\.m2\repository\org\springframework\spring-orm\5.1.16.RELEASE\spring-orm-5.1.16.RELEASE.jar;C:\Users\msn2t7\.m2\repository\org\springframework\spring-tx\5.1.16.RELEASE\spring-tx-5.1.16.RELEASE.jar;C:\Users\msn2t7\.m2\repository\org\springframework\spring-aspects\5.1.16.RELEASE\spring-aspects-5.1.16.RELEASE.jar;C:\Users\msn2t7\.m2\repository\org\apache\derby\derby\10.14.2.0\derby-10.14.2.0.jar;C:\Users\msn2t7\.m2\repository\org\mapstruct\mapstruct\1.3.1.Final\mapstruct-1.3.1.Final.jar;C:\Users\msn2t7\.m2\repository\org\springframework\boot\spring-boot-starter\2.1.15.RELEASE\spring-boot-starter-2.1.15.RELEASE.jar;C:\Users\msn2t7\.m2\repository\org\springframework\boot\spring-boot\2.1.15.RELEASE\spring-boot-2.1.15.RELEASE.jar;C:\Users\msn2t7\.m2\repository\org\springframework\spring-context\5.1.16.RELEASE\spring-context-5.1.16.RELEASE.jar;C:\Users\msn2t7\.m2\repository\org\springframework\spring-aop\5.1.16.RELEASE\spring-aop-5.1.16.RELEASE.jar;C:\Users\msn2t7\.m2\repository\org\springframework\spring-beans\5.1.16.RELEASE\spring-beans-5.1.16.RELEASE.jar;C:\Users\msn2t7\.m2\repository\org\springframework\spring-expression\5.1.16.RELEASE\spring-expression-5.1.16.RELEASE.jar;C:\Users\msn2t7\.m2\repository\org\springframework\boot\spring-boot-autoconfigure\2.1.15.RELEASE\spring-boot-autoconfigure-2.1.15.RELEASE.jar;C:\Users\msn2t7\.m2\repository\javax\annotation\javax.annotation-api\1.3.2\javax.annotation-api-1.3.2.jar;C:\Users\msn2t7\.m2\repository\org\springframework\spring-core\5.1.16.RELEASE\spring-core-5.1.16.RELEASE.jar;C:\Users\msn2t7\.m2\repository\org\springframework\spring-jcl\5.1.16.RELEASE\spring-jcl-5.1.16.RELEASE.jar;C:\Users\msn2t7\.m2\repository\org\yaml\snakeyaml\1.23\snakeyaml-1.23.jar;C:\Users\msn2t7\.m2\repository\org\springframework\boot\spring-boot-starter-log4j2\2.1.15.RELEASE\spring-boot-starter-log4j2-2.1.15.RELEASE.jar;C:\Users\msn2t7\.m2\repository\org\apache\logging\log4j\log4j-slf4j-impl\2.11.2\log4j-slf4j-impl-2.11.2.jar;C:\Users\msn2t7\.m2\repository\org\slf4j\slf4j-api\1.7.30\slf4j-api-1.7.30.jar;C:\Users\msn2t7\.m2\repository\org\apache\logging\log4j\log4j-api\2.11.2\log4j-api-2.11.2.jar;C:\Users\msn2t7\.m2\repository\org\apache\logging\log4j\log4j-core\2.11.2\log4j-core-2.11.2.jar;C:\Users\msn2t7\.m2\repository\org\apache\logging\log4j\log4j-jul\2.11.2\log4j-jul-2.11.2.jar;C:\Users\msn2t7\.m2\repository\org\slf4j\jul-to-slf4j\1.7.30\jul-to-slf4j-1.7.30.jar;C:\Users\msn2t7\.m2\repository\org\springframework\boot\spring-boot-starter-test\2.1.15.RELEASE\spring-boot-starter-test-2.1.15.RELEASE.jar;C:\Users\msn2t7\.m2\repository\org\springframework\boot\spring-boot-test\2.1.15.RELEASE\spring-boot-test-2.1.15.RELEASE.jar;C:\Users\msn2t7\.m2\repository\org\springframework\boot\spring-boot-test-autoconfigure\2.1.15.RELEASE\spring-boot-test-autoconfigure-2.1.15.RELEASE.jar;C:\Users\msn2t7\.m2\repository\com\jayway\jsonpath\json-path\2.4.0\json-path-2.4.0.jar;C:\Users\msn2t7\.m2\repository\net\minidev\json-smart\2.3\json-smart-2.3.jar;C:\Users\msn2t7\.m2\repository\net\minidev\accessors-smart\1.2\accessors-smart-1.2.jar;C:\Users\msn2t7\.m2\repository\org\ow2\asm\asm\5.0.4\asm-5.0.4.jar;C:\Users\msn2t7\.m2\repository\junit\junit\4.12\junit-4.12.jar;C:\Users\msn2t7\.m2\repository\org\assertj\assertj-core\3.11.1\assertj-core-3.11.1.jar;C:\Users\msn2t7\.m2\repository\org\mockito\mockito-core\2.23.4\mockito-core-2.23.4.jar;C:\Users\msn2t7\.m2\repository\net\bytebuddy\byte-buddy\1.9.16\byte-buddy-1.9.16.jar;C:\Users\msn2t7\.m2\repository\net\bytebuddy\byte-buddy-agent\1.9.16\byte-buddy-agent-1.9.16.jar;C:\Users\msn2t7\.m2\repository\org\objenesis\objenesis\2.6\objenesis-2.6.jar;C:\Users\msn2t7\.m2\repository\org\hamcrest\hamcrest-core\1.3\hamcrest-core-1.3.jar;C:\Users\msn2t7\.m2\repository\org\hamcrest\hamcrest-library\1.3\hamcrest-library-1.3.jar;C:\Users\msn2t7\.m2\repository\org\skyscreamer\jsonassert\1.5.0\jsonassert-1.5.0.jar;C:\Users\msn2t7\.m2\repository\com\vaadin\external\google\android-json\0.0.20131108.vaadin1\android-json-0.0.20131108.vaadin1.jar;C:\Users\msn2t7\.m2\repository\org\springframework\spring-test\5.1.16.RELEASE\spring-test-5.1.16.RELEASE.jar;C:\Users\msn2t7\.m2\repository\org\xmlunit\xmlunit-core\2.6.4\xmlunit-core-2.6.4.jar;C:\Users\msn2t7\.m2\repository\javax\persistence\persistence-api\1.0\persistence-api-1.0.jar;C:\Users\msn2t7\.m2\repository\io\grpc\grpc-services\1.30.0\grpc-services-1.30.0.jar;C:\Users\msn2t7\.m2\repository\io\grpc\grpc-protobuf\1.30.0\grpc-protobuf-1.30.0.jar;C:\Users\msn2t7\.m2\repository\io\grpc\grpc-api\1.30.0\grpc-api-1.30.0.jar;C:\Users\msn2t7\.m2\repository\io\grpc\grpc-context\1.30.0\grpc-context-1.30.0.jar;C:\Users\msn2t7\.m2\repository\com\google\protobuf\protobuf-java\3.12.0\protobuf-java-3.12.0.jar;C:\Users\msn2t7\.m2\repository\com\google\api\grpc\proto-google-common-protos\1.17.0\proto-google-common-protos-1.17.0.jar;C:\Users\msn2t7\.m2\repository\io\grpc\grpc-protobuf-lite\1.30.0\grpc-protobuf-lite-1.30.0.jar;C:\Users\msn2t7\.m2\repository\io\grpc\grpc-stub\1.30.0\grpc-stub-1.30.0.jar;C:\Users\msn2t7\.m2\repository\io\grpc\grpc-core\1.30.0\grpc-core-1.30.0.jar;C:\Users\msn2t7\.m2\repository\com\google\code\gson\gson\2.8.6\gson-2.8.6.jar;C:\Users\msn2t7\.m2\repository\com\google\android\annotations\4.1.1.4\annotations-4.1.1.4.jar;C:\Users\msn2t7\.m2\repository\io\perfmark\perfmark-api\0.19.0\perfmark-api-0.19.0.jar;C:\Users\msn2t7\.m2\repository\com\google\protobuf\protobuf-java-util\3.12.0\protobuf-java-util-3.12.0.jar;C:\Users\msn2t7\.m2\repository\com\google\guava\guava\28.2-android\guava-28.2-android.jar;C:\Users\msn2t7\.m2\repository\com\google\guava\failureaccess\1.0.1\failureaccess-1.0.1.jar;C:\Users\msn2t7\.m2\repository\com\google\guava\listenablefuture\9999.0-empty-to-avoid-conflict-with-guava\listenablefuture-9999.0-empty-to-avoid-conflict-with-guava.jar;C:\Users\msn2t7\.m2\repository\org\checkerframework\checker-compat-qual\2.5.5\checker-compat-qual-2.5.5.jar;C:\Users\msn2t7\.m2\repository\com\google\j2objc\j2objc-annotations\1.3\j2objc-annotations-1.3.jar;C:\Users\msn2t7\.m2\repository\com\google\errorprone\error_prone_annotations\2.3.4\error_prone_annotations-2.3.4.jar;C:\Users\msn2t7\.m2\repository\org\codehaus\mojo\animal-sniffer-annotations\1.18\animal-sniffer-annotations-1.18.jar;C:\Users\msn2t7\.m2\repository\com\google\code\findbugs\jsr305\3.0.2\jsr305-3.0.2.jar;C:\Users\msn2t7\.m2\repository\io\github\lognet\grpc-spring-boot-starter\3.5.5\grpc-spring-boot-starter-3.5.5.jar;C:\Users\msn2t7\.m2\repository\io\grpc\grpc-netty\1.30.0\grpc-netty-1.30.0.jar;C:\Users\msn2t7\.m2\repository\io\netty\netty-codec-http2\4.1.50.Final\netty-codec-http2-4.1.50.Final.jar;C:\Users\msn2t7\.m2\repository\io\netty\netty-common\4.1.50.Final\netty-common-4.1.50.Final.jar;C:\Users\msn2t7\.m2\repository\io\netty\netty-buffer\4.1.50.Final\netty-buffer-4.1.50.Final.jar;C:\Users\msn2t7\.m2\repository\io\netty\netty-transport\4.1.50.Final\netty-transport-4.1.50.Final.jar;C:\Users\msn2t7\.m2\repository\io\netty\netty-resolver\4.1.50.Final\netty-resolver-4.1.50.Final.jar;C:\Users\msn2t7\.m2\repository\io\netty\netty-codec\4.1.50.Final\netty-codec-4.1.50.Final.jar;C:\Users\msn2t7\.m2\repository\io\netty\netty-handler\4.1.50.Final\netty-handler-4.1.50.Final.jar;C:\Users\msn2t7\.m2\repository\io\netty\netty-codec-http\4.1.50.Final\netty-codec-http-4.1.50.Final.jar;C:\Users\msn2t7\.m2\repository\io\netty\netty-handler-proxy\4.1.50.Final\netty-handler-proxy-4.1.50.Final.jar;C:\Users\msn2t7\.m2\repository\io\netty\netty-codec-socks\4.1.50.Final\netty-codec-socks-4.1.50.Final.jar;C:\Users\msn2t7\.m2\repository\io\netty\netty-tcnative-boringssl-static\2.0.31.Final\netty-tcnative-boringssl-static-2.0.31.Final.jar;"/>
    <property name="java.vm.vendor" value="AdoptOpenJDK"/>
    <property name="sun.arch.data.model" value="64"/>
    <property name="user.variant" value=""/>
    <property name="java.vendor.url" value="http://java.oracle.com/"/>
    <property name="user.timezone" value="Asia/Calcutta"/>
    <property name="java.vm.specification.version" value="1.8"/>
    <property name="os.name" value="Windows 10"/>
    <property name="user.country" value="US"/>
    <property name="sun.java.launcher" value="SUN_STANDARD"/>
    <property name="sun.boot.library.path" value="C:\Program Files\Java\OpenJDK\jdk8u252-b09\jre\bin"/>
    <property name="sun.java.command" value="C:\Users\msn2t7\AppData\Local\Temp\surefire5107513526037824926\surefirebooter985909108447020304.jar C:\Users\msn2t7\AppData\Local\Temp\surefire5107513526037824926 2020-08-31T12-20-54_229-jvmRun1 surefire8397348024395058861tmp surefire_02058158288322160499tmp"/>
    <property name="surefire.test.class.path" value="D:\mlm_dev\gitrepo\books-library-project\library-application\target\test-classes;D:\mlm_dev\gitrepo\books-library-project\library-application\target\classes;D:\mlm_dev\gitrepo\books-library-project\grpc-library-service-impl\target\grpc-library-service-impl-0.0.1-SNAPSHOT.jar;D:\mlm_dev\gitrepo\books-library-project\lib-service-impl\target\lib-service-impl-0.0.1-SNAPSHOT.jar;D:\mlm_dev\gitrepo\books-library-project\library-service-api\target\library-service-api-0.0.1-SNAPSHOT.jar;D:\mlm_dev\gitrepo\books-library-project\library-model\target\library-model-0.0.1-SNAPSHOT.jar;D:\mlm_dev\gitrepo\books-library-project\dao-repo\target\dao-repo-0.0.1-SNAPSHOT.jar;C:\Users\msn2t7\.m2\repository\org\springframework\boot\spring-boot-starter-data-jpa\2.1.15.RELEASE\spring-boot-starter-data-jpa-2.1.15.RELEASE.jar;C:\Users\msn2t7\.m2\repository\org\springframework\boot\spring-boot-starter-aop\2.1.15.RELEASE\spring-boot-starter-aop-2.1.15.RELEASE.jar;C:\Users\msn2t7\.m2\repository\org\aspectj\aspectjweaver\1.9.5\aspectjweaver-1.9.5.jar;C:\Users\msn2t7\.m2\repository\org\springframework\boot\spring-boot-starter-jdbc\2.1.15.RELEASE\spring-boot-starter-jdbc-2.1.15.RELEASE.jar;C:\Users\msn2t7\.m2\repository\com\zaxxer\HikariCP\3.2.0\HikariCP-3.2.0.jar;C:\Users\msn2t7\.m2\repository\org\springframework\spring-jdbc\5.1.16.RELEASE\spring-jdbc-5.1.16.RELEASE.jar;C:\Users\msn2t7\.m2\repository\javax\transaction\javax.transaction-api\1.3\javax.transaction-api-1.3.jar;C:\Users\msn2t7\.m2\repository\javax\xml\bind\jaxb-api\2.3.1\jaxb-api-2.3.1.jar;C:\Users\msn2t7\.m2\repository\javax\activation\javax.activation-api\1.2.0\javax.activation-api-1.2.0.jar;C:\Users\msn2t7\.m2\repository\org\hibernate\hibernate-core\5.3.17.Final\hibernate-core-5.3.17.Final.jar;C:\Users\msn2t7\.m2\repository\org\jboss\logging\jboss-logging\3.3.3.Final\jboss-logging-3.3.3.Final.jar;C:\Users\msn2t7\.m2\repository\javax\persistence\javax.persistence-api\2.2\javax.persistence-api-2.2.jar;C:\Users\msn2t7\.m2\repository\org\javassist\javassist\3.23.2-GA\javassist-3.23.2-GA.jar;C:\Users\msn2t7\.m2\repository\antlr\antlr\2.7.7\antlr-2.7.7.jar;C:\Users\msn2t7\.m2\repository\org\jboss\jandex\2.0.5.Final\jandex-2.0.5.Final.jar;C:\Users\msn2t7\.m2\repository\com\fasterxml\classmate\1.4.0\classmate-1.4.0.jar;C:\Users\msn2t7\.m2\repository\org\dom4j\dom4j\2.1.3\dom4j-2.1.3.jar;C:\Users\msn2t7\.m2\repository\org\hibernate\common\hibernate-commons-annotations\5.0.4.Final\hibernate-commons-annotations-5.0.4.Final.jar;C:\Users\msn2t7\.m2\repository\org\glassfish\jaxb\jaxb-runtime\2.3.1\jaxb-runtime-2.3.1.jar;C:\Users\msn2t7\.m2\repository\org\glassfish\jaxb\txw2\2.3.1\txw2-2.3.1.jar;C:\Users\msn2t7\.m2\repository\com\sun\istack\istack-commons-runtime\3.0.7\istack-commons-runtime-3.0.7.jar;C:\Users\msn2t7\.m2\repository\org\jvnet\staxex\stax-ex\1.8\stax-ex-1.8.jar;C:\Users\msn2t7\.m2\repository\com\sun\xml\fastinfoset\FastInfoset\1.2.15\FastInfoset-1.2.15.jar;C:\Users\msn2t7\.m2\repository\org\springframework\data\spring-data-jpa\2.1.18.RELEASE\spring-data-jpa-2.1.18.RELEASE.jar;C:\Users\msn2t7\.m2\repository\org\springframework\data\spring-data-commons\2.1.18.RELEASE\spring-data-commons-2.1.18.RELEASE.jar;C:\Users\msn2t7\.m2\repository\org\springframework\spring-orm\5.1.16.RELEASE\spring-orm-5.1.16.RELEASE.jar;C:\Users\msn2t7\.m2\repository\org\springframework\spring-tx\5.1.16.RELEASE\spring-tx-5.1.16.RELEASE.jar;C:\Users\msn2t7\.m2\repository\org\springframework\spring-aspects\5.1.16.RELEASE\spring-aspects-5.1.16.RELEASE.jar;C:\Users\msn2t7\.m2\repository\org\apache\derby\derby\10.14.2.0\derby-10.14.2.0.jar;C:\Users\msn2t7\.m2\repository\org\mapstruct\mapstruct\1.3.1.Final\mapstruct-1.3.1.Final.jar;C:\Users\msn2t7\.m2\repository\org\springframework\boot\spring-boot-starter\2.1.15.RELEASE\spring-boot-starter-2.1.15.RELEASE.jar;C:\Users\msn2t7\.m2\repository\org\springframework\boot\spring-boot\2.1.15.RELEASE\spring-boot-2.1.15.RELEASE.jar;C:\Users\msn2t7\.m2\repository\org\springframework\spring-context\5.1.16.RELEASE\spring-context-5.1.16.RELEASE.jar;C:\Users\msn2t7\.m2\repository\org\springframework\spring-aop\5.1.16.RELEASE\spring-aop-5.1.16.RELEASE.jar;C:\Users\msn2t7\.m2\repository\org\springframework\spring-beans\5.1.16.RELEASE\spring-beans-5.1.16.RELEASE.jar;C:\Users\msn2t7\.m2\repository\org\springframework\spring-expression\5.1.16.RELEASE\spring-expression-5.1.16.RELEASE.jar;C:\Users\msn2t7\.m2\repository\org\springframework\boot\spring-boot-autoconfigure\2.1.15.RELEASE\spring-boot-autoconfigure-2.1.15.RELEASE.jar;C:\Users\msn2t7\.m2\repository\javax\annotation\javax.annotation-api\1.3.2\javax.annotation-api-1.3.2.jar;C:\Users\msn2t7\.m2\repository\org\springframework\spring-core\5.1.16.RELEASE\spring-core-5.1.16.RELEASE.jar;C:\Users\msn2t7\.m2\repository\org\springframework\spring-jcl\5.1.16.RELEASE\spring-jcl-5.1.16.RELEASE.jar;C:\Users\msn2t7\.m2\repository\org\yaml\snakeyaml\1.23\snakeyaml-1.23.jar;C:\Users\msn2t7\.m2\repository\org\springframework\boot\spring-boot-starter-log4j2\2.1.15.RELEASE\spring-boot-starter-log4j2-2.1.15.RELEASE.jar;C:\Users\msn2t7\.m2\repository\org\apache\logging\log4j\log4j-slf4j-impl\2.11.2\log4j-slf4j-impl-2.11.2.jar;C:\Users\msn2t7\.m2\repository\org\slf4j\slf4j-api\1.7.30\slf4j-api-1.7.30.jar;C:\Users\msn2t7\.m2\repository\org\apache\logging\log4j\log4j-api\2.11.2\log4j-api-2.11.2.jar;C:\Users\msn2t7\.m2\repository\org\apache\logging\log4j\log4j-core\2.11.2\log4j-core-2.11.2.jar;C:\Users\msn2t7\.m2\repository\org\apache\logging\log4j\log4j-jul\2.11.2\log4j-jul-2.11.2.jar;C:\Users\msn2t7\.m2\repository\org\slf4j\jul-to-slf4j\1.7.30\jul-to-slf4j-1.7.30.jar;C:\Users\msn2t7\.m2\repository\org\springframework\boot\spring-boot-starter-test\2.1.15.RELEASE\spring-boot-starter-test-2.1.15.RELEASE.jar;C:\Users\msn2t7\.m2\repository\org\springframework\boot\spring-boot-test\2.1.15.RELEASE\spring-boot-test-2.1.15.RELEASE.jar;C:\Users\msn2t7\.m2\repository\org\springframework\boot\spring-boot-test-autoconfigure\2.1.15.RELEASE\spring-boot-test-autoconfigure-2.1.15.RELEASE.jar;C:\Users\msn2t7\.m2\repository\com\jayway\jsonpath\json-path\2.4.0\json-path-2.4.0.jar;C:\Users\msn2t7\.m2\repository\net\minidev\json-smart\2.3\json-smart-2.3.jar;C:\Users\msn2t7\.m2\repository\net\minidev\accessors-smart\1.2\accessors-smart-1.2.jar;C:\Users\msn2t7\.m2\repository\org\ow2\asm\asm\5.0.4\asm-5.0.4.jar;C:\Users\msn2t7\.m2\repository\junit\junit\4.12\junit-4.12.jar;C:\Users\msn2t7\.m2\repository\org\assertj\assertj-core\3.11.1\assertj-core-3.11.1.jar;C:\Users\msn2t7\.m2\repository\org\mockito\mockito-core\2.23.4\mockito-core-2.23.4.jar;C:\Users\msn2t7\.m2\repository\net\bytebuddy\byte-buddy\1.9.16\byte-buddy-1.9.16.jar;C:\Users\msn2t7\.m2\repository\net\bytebuddy\byte-buddy-agent\1.9.16\byte-buddy-agent-1.9.16.jar;C:\Users\msn2t7\.m2\repository\org\objenesis\objenesis\2.6\objenesis-2.6.jar;C:\Users\msn2t7\.m2\repository\org\hamcrest\hamcrest-core\1.3\hamcrest-core-1.3.jar;C:\Users\msn2t7\.m2\repository\org\hamcrest\hamcrest-library\1.3\hamcrest-library-1.3.jar;C:\Users\msn2t7\.m2\repository\org\skyscreamer\jsonassert\1.5.0\jsonassert-1.5.0.jar;C:\Users\msn2t7\.m2\repository\com\vaadin\external\google\android-json\0.0.20131108.vaadin1\android-json-0.0.20131108.vaadin1.jar;C:\Users\msn2t7\.m2\repository\org\springframework\spring-test\5.1.16.RELEASE\spring-test-5.1.16.RELEASE.jar;C:\Users\msn2t7\.m2\repository\org\xmlunit\xmlunit-core\2.6.4\xmlunit-core-2.6.4.jar;C:\Users\msn2t7\.m2\repository\javax\persistence\persistence-api\1.0\persistence-api-1.0.jar;C:\Users\msn2t7\.m2\repository\io\grpc\grpc-services\1.30.0\grpc-services-1.30.0.jar;C:\Users\msn2t7\.m2\repository\io\grpc\grpc-protobuf\1.30.0\grpc-protobuf-1.30.0.jar;C:\Users\msn2t7\.m2\repository\io\grpc\grpc-api\1.30.0\grpc-api-1.30.0.jar;C:\Users\msn2t7\.m2\repository\io\grpc\grpc-context\1.30.0\grpc-context-1.30.0.jar;C:\Users\msn2t7\.m2\repository\com\google\protobuf\protobuf-java\3.12.0\protobuf-java-3.12.0.jar;C:\Users\msn2t7\.m2\repository\com\google\api\grpc\proto-google-common-protos\1.17.0\proto-google-common-protos-1.17.0.jar;C:\Users\msn2t7\.m2\repository\io\grpc\grpc-protobuf-lite\1.30.0\grpc-protobuf-lite-1.30.0.jar;C:\Users\msn2t7\.m2\repository\io\grpc\grpc-stub\1.30.0\grpc-stub-1.30.0.jar;C:\Users\msn2t7\.m2\repository\io\grpc\grpc-core\1.30.0\grpc-core-1.30.0.jar;C:\Users\msn2t7\.m2\repository\com\google\code\gson\gson\2.8.6\gson-2.8.6.jar;C:\Users\msn2t7\.m2\repository\com\google\android\annotations\4.1.1.4\annotations-4.1.1.4.jar;C:\Users\msn2t7\.m2\repository\io\perfmark\perfmark-api\0.19.0\perfmark-api-0.19.0.jar;C:\Users\msn2t7\.m2\repository\com\google\protobuf\protobuf-java-util\3.12.0\protobuf-java-util-3.12.0.jar;C:\Users\msn2t7\.m2\repository\com\google\guava\guava\28.2-android\guava-28.2-android.jar;C:\Users\msn2t7\.m2\repository\com\google\guava\failureaccess\1.0.1\failureaccess-1.0.1.jar;C:\Users\msn2t7\.m2\repository\com\google\guava\listenablefuture\9999.0-empty-to-avoid-conflict-with-guava\listenablefuture-9999.0-empty-to-avoid-conflict-with-guava.jar;C:\Users\msn2t7\.m2\repository\org\checkerframework\checker-compat-qual\2.5.5\checker-compat-qual-2.5.5.jar;C:\Users\msn2t7\.m2\repository\com\google\j2objc\j2objc-annotations\1.3\j2objc-annotations-1.3.jar;C:\Users\msn2t7\.m2\repository\com\google\errorprone\error_prone_annotations\2.3.4\error_prone_annotations-2.3.4.jar;C:\Users\msn2t7\.m2\repository\org\codehaus\mojo\animal-sniffer-annotations\1.18\animal-sniffer-annotations-1.18.jar;C:\Users\msn2t7\.m2\repository\com\google\code\findbugs\jsr305\3.0.2\jsr305-3.0.2.jar;C:\Users\msn2t7\.m2\repository\io\github\lognet\grpc-spring-boot-starter\3.5.5\grpc-spring-boot-starter-3.5.5.jar;C:\Users\msn2t7\.m2\repository\io\grpc\grpc-netty\1.30.0\grpc-netty-1.30.0.jar;C:\Users\msn2t7\.m2\repository\io\netty\netty-codec-http2\4.1.50.Final\netty-codec-http2-4.1.50.Final.jar;C:\Users\msn2t7\.m2\repository\io\netty\netty-common\4.1.50.Final\netty-common-4.1.50.Final.jar;C:\Users\msn2t7\.m2\repository\io\netty\netty-buffer\4.1.50.Final\netty-buffer-4.1.50.Final.jar;C:\Users\msn2t7\.m2\repository\io\netty\netty-transport\4.1.50.Final\netty-transport-4.1.50.Final.jar;C:\Users\msn2t7\.m2\repository\io\netty\netty-resolver\4.1.50.Final\netty-resolver-4.1.50.Final.jar;C:\Users\msn2t7\.m2\repository\io\netty\netty-codec\4.1.50.Final\netty-codec-4.1.50.Final.jar;C:\Users\msn2t7\.m2\repository\io\netty\netty-handler\4.1.50.Final\netty-handler-4.1.50.Final.jar;C:\Users\msn2t7\.m2\repository\io\netty\netty-codec-http\4.1.50.Final\netty-codec-http-4.1.50.Final.jar;C:\Users\msn2t7\.m2\repository\io\netty\netty-handler-proxy\4.1.50.Final\netty-handler-proxy-4.1.50.Final.jar;C:\Users\msn2t7\.m2\repository\io\netty\netty-codec-socks\4.1.50.Final\netty-codec-socks-4.1.50.Final.jar;C:\Users\msn2t7\.m2\repository\io\netty\netty-tcnative-boringssl-static\2.0.31.Final\netty-tcnative-boringssl-static-2.0.31.Final.jar;"/>
    <property name="sun.cpu.endian" value="little"/>
    <property name="user.home" value="C:\Users\msn2t7"/>
    <property name="user.language" value="en"/>
    <property name="java.specification.vendor" value="Oracle Corporation"/>
    <property name="java.home" value="C:\Program Files\Java\OpenJDK\jdk8u252-b09\jre"/>
    <property name="basedir" value="D:\mlm_dev\gitrepo\books-library-project\library-application"/>
    <property name="file.separator" value="\"/>
    <property name="line.separator" value="&#10;"/>
    <property name="java.vm.specification.vendor" value="Oracle Corporation"/>
    <property name="java.specification.name" value="Java Platform API Specification"/>
    <property name="java.awt.graphicsenv" value="sun.awt.Win32GraphicsEnvironment"/>
    <property name="surefire.real.class.path" value="C:\Users\msn2t7\AppData\Local\Temp\surefire5107513526037824926\surefirebooter985909108447020304.jar"/>
    <property name="sun.boot.class.path" value="C:\Program Files\Java\OpenJDK\jdk8u252-b09\jre\lib\resources.jar;C:\Program Files\Java\OpenJDK\jdk8u252-b09\jre\lib\rt.jar;C:\Program Files\Java\OpenJDK\jdk8u252-b09\jre\lib\sunrsasign.jar;C:\Program Files\Java\OpenJDK\jdk8u252-b09\jre\lib\jsse.jar;C:\Program Files\Java\OpenJDK\jdk8u252-b09\jre\lib\jce.jar;C:\Program Files\Java\OpenJDK\jdk8u252-b09\jre\lib\charsets.jar;C:\Program Files\Java\OpenJDK\jdk8u252-b09\jre\lib\jfr.jar;C:\Program Files\Java\OpenJDK\jdk8u252-b09\jre\classes"/>
    <property name="user.script" value=""/>
    <property name="sun.management.compiler" value="HotSpot 64-Bit Tiered Compilers"/>
    <property name="java.runtime.version" value="1.8.0_252-b09"/>
    <property name="user.name" value="msn2t7"/>
    <property name="path.separator" value=";"/>
    <property name="os.version" value="10.0"/>
    <property name="java.endorsed.dirs" value="C:\Program Files\Java\OpenJDK\jdk8u252-b09\jre\lib\endorsed"/>
    <property name="java.runtime.name" value="OpenJDK Runtime Environment"/>
    <property name="file.encoding" value="Cp1252"/>
    <property name="java.vm.name" value="OpenJDK 64-Bit Server VM"/>
    <property name="localRepository" value="C:\Users\msn2t7\.m2\repository"/>
    <property name="java.vendor.url.bug" value="http://bugreport.sun.com/bugreport/"/>
    <property name="java.io.tmpdir" value="C:\Users\msn2t7\AppData\Local\Temp\"/>
    <property name="java.version" value="1.8.0_252"/>
    <property name="user.dir" value="D:\mlm_dev\gitrepo\books-library-project\library-application"/>
    <property name="os.arch" value="amd64"/>
    <property name="java.vm.specification.name" value="Java Virtual Machine Specification"/>
    <property name="java.awt.printerjob" value="sun.awt.windows.WPrinterJob"/>
    <property name="sun.os.patch.level" value=""/>
    <property name="java.library.path" value="C:\Program Files\Java\OpenJDK\jdk8u252-b09\jre\bin;C:\WINDOWS\Sun\Java\bin;C:\WINDOWS\system32;C:\WINDOWS;C:/Program Files/Java/jre1.8.0_251/bin/server;C:/Program Files/Java/jre1.8.0_251/bin;C:/Program Files/Java/jre1.8.0_251/lib/amd64;C:\Program Files (x86)\Common Files\Oracle\Java\javapath;C:\Data\tools\matafan3.1.5;C:\cygwin64\bin;C:\Users\msn2t7\AppData\Local\Programs\Python\Python36;%AME%;%AME%\win64;%AME%\win32;%AME%\sys\mingw32\bin;%AME%\sys\python\win64;C:\Program Files (x86)\Intel\iCLS Client\;C:\Program Files\Intel\iCLS Client\;C:\WINDOWS\system32;C:\WINDOWS;C:\WINDOWS\System32\Wbem;C:\WINDOWS\System32\WindowsPowerShell\v1.0\;C:\Program Files\Intel\WiFi\bin\;C:\Program Files\Common Files\Intel\WirelessCommon\;C:\Program Files (x86)\Intel\Intel(R) Management Engine Components\DAL;C:\Program Files\Intel\Intel(R) Management Engine Components\DAL;C:\Program Files (x86)\Intel\Intel(R) Management Engine Components\IPT;C:\Program Files\Intel\Intel(R) Management Engine Components\IPT;C:\Program Files\TortoiseSVN\bin;C:\Program Files\MATLAB\R2018b\bin;C:\Program Files\MATLAB\R2017b\bin;C:\Program Files\Microsoft SQL Server\110\Tools\Binn\;C:\Program Files (x86)\Microsoft SDKs\TypeScript\1.0\;C:\Program Files\Microsoft SQL Server\120\Tools\Binn\;D:\Practices\Mongo\mongodb-win32-x86_64-2008plus-ssl-4.0.1\bin;C:\Users\msn2t7\.dnx\bin;C:\Program Files\Microsoft DNX\Dnvm\;C:\Program Files\Microsoft SQL Server\130\Tools\Binn\;C:\Program Files (x86)\Windows Kits\10\Windows Performance Toolkit\;C:\Program Files\MATLAB\R2015b\bin;C:\Program Files (x86)\MATLAB\R2014b\bin;C:\Program Files\Git\cmd;C:\WINDOWS\System32\OpenSSH\;C:\Program Files\Microsoft VS Code\bin;C:\Program Files\TortoiseGit\bin;C:\Program Files\PostgreSQL\9.6\bin;C:\Program Files\Simcenter\SysDM_Server\Server\Apache\Apache2\bin;C:\Users\msn2t7\AppData\Local\Programs\Python\Python36\Scripts\;C:\Users\msn2t7\AppData\Local\Programs\Python\Python36\;C:\Users\msn2t7\AppData\Local\Microsoft\WindowsApps;C:\Program Files\nodejs\node-v12.18.3-win-x64;C:\Program Files\CMake\bin;;D:\mlm_dev\eclipse\eclipse-2020-03;;."/>
    <property name="java.vm.info" value="mixed mode"/>
    <property name="java.vendor" value="AdoptOpenJDK"/>
    <property name="java.vm.version" value="25.252-b09"/>
    <property name="java.ext.dirs" value="C:\Program Files\Java\OpenJDK\jdk8u252-b09\jre\lib\ext;C:\WINDOWS\Sun\Java\lib\ext"/>
    <property name="sun.io.unicode.encoding" value="UnicodeLittle"/>
    <property name="java.class.version" value="52.0"/>
  </properties>
  <testcase name="shouldRetrieveAllBookCountsSuccessfully" classname="lib.application.test.BookServicesTest" time="0.036"/>
  <testcase name="shouldRetrieveBookByIsbnSuccessfully" classname="lib.application.test.BookServicesTest" time="0.032"/>
  <testcase name="shouldRetrieveBookByTitleSuccessfully" classname="lib.application.test.BookServicesTest" time="0.017"/>
  <testcase name="shouldRetrieveBookByPublisherSuccessfully" classname="lib.application.test.BookServicesTest" time="0.018"/>
  <testcase name="shouldDeleteBookSuccessfully" classname="lib.application.test.BookServicesTest" time="0.055"/>
  <testcase name="shouldAddFirstBookSuccessfully" classname="lib.application.test.BookServicesTest" time="0.023"/>
  <testcase name="shouldRetrieveAllBooksSuccessfully" classname="lib.application.test.BookServicesTest" time="0.079"/>
  <testcase name="shouldRetrieveBookByAuthorSuccessfully" classname="lib.application.test.BookServicesTest" time="0.02"/>
  <testcase name="shouldAddSecondBookSuccessfully" classname="lib.application.test.BookServicesTest" time="0.027"/>
</testsuite>